SF:lib/neubrutalism_theme.dart
DA:16,1
DA:42,1
DA:44,2
DA:45,2
DA:46,1
DA:47,1
DA:48,1
DA:49,1
DA:50,1
DA:51,1
DA:52,1
DA:54,1
DA:55,1
DA:58,2
DA:59,2
DA:60,1
DA:61,1
DA:62,1
DA:63,1
DA:64,1
DA:65,1
DA:66,1
DA:68,1
DA:69,1
DA:85,1
DA:108,1
DA:109,1
DA:117,1
DA:119,1
DA:120,2
DA:121,3
DA:124,2
DA:126,5
DA:127,2
DA:130,1
DA:132,2
DA:133,1
DA:136,1
DA:138,1
DA:139,2
DA:140,2
DA:141,1
DA:142,5
DA:143,2
DA:144,3
DA:146,1
DA:147,1
DA:148,1
DA:149,1
DA:150,2
DA:151,1
DA:152,1
DA:154,1
DA:155,1
DA:157,7
DA:158,6
DA:160,1
DA:161,2
DA:162,1
DA:163,3
DA:166,2
LF:61
LH:61
end_of_record
