SF:lib/neobrutalism_theme.dart
DA:16,1
DA:42,1
DA:44,2
DA:45,2
DA:46,1
DA:47,1
DA:48,1
DA:49,1
DA:50,1
DA:51,1
DA:52,1
DA:54,1
DA:55,1
DA:58,0
DA:59,0
DA:60,0
DA:61,0
DA:62,0
DA:63,0
DA:64,0
DA:65,0
DA:66,0
DA:68,0
DA:69,0
DA:80,0
DA:85,1
DA:108,1
DA:109,1
DA:117,1
DA:119,1
DA:120,2
DA:121,3
DA:124,2
DA:126,5
DA:127,2
DA:130,0
DA:132,0
DA:133,0
DA:136,1
DA:138,1
DA:139,2
DA:140,2
DA:141,1
DA:142,4
DA:143,0
DA:144,0
DA:146,1
DA:147,1
DA:148,1
DA:149,1
DA:150,2
DA:151,1
DA:152,1
DA:154,1
DA:155,1
DA:157,7
DA:158,6
DA:160,1
DA:161,2
DA:162,1
DA:163,3
DA:166,2
LF:62
LH:45
end_of_record
